Arguments: 
  /usr/local/bin/node /home/node/.npm-global/bin/yarn add @ react-native-community/datetimepicker@3.2.0

PATH: 
  /home/node/.npm-global/bin:/usr/local/sbin:/usr/local/bin:/usr/sbin:/usr/bin:/sbin:/bin

Yarn version: 
  1.22.10

Node version: 
  14.16.1

Platform: 
  linux x64

Trace: 
  Error: https://registry.yarnpkg.com/@: Request "https://registry.yarnpkg.com/@" returned a 405
      at Request.params.callback [as _callback] (/home/node/.npm-global/lib/node_modules/yarn/lib/cli.js:66997:18)
      at Request.self.callback (/home/node/.npm-global/lib/node_modules/yarn/lib/cli.js:140662:22)
      at Request.emit (events.js:315:20)
      at Request.<anonymous> (/home/node/.npm-global/lib/node_modules/yarn/lib/cli.js:141634:10)
      at Request.emit (events.js:315:20)
      at IncomingMessage.<anonymous> (/home/node/.npm-global/lib/node_modules/yarn/lib/cli.js:141556:12)
      at Object.onceWrapper (events.js:421:28)
      at IncomingMessage.emit (events.js:327:22)
      at endReadableNT (internal/streams/readable.js:1327:12)
      at processTicksAndRejections (internal/process/task_queues.js:80:21)

npm manifest: 
  {
    "main": "node_modules/expo/AppEntry.js",
    "scripts": {
      "start": "expo start",
      "android": "expo start --android",
      "ios": "expo start --ios",
      "web": "expo start --web",
      "eject": "expo eject"
    },
    "dependencies": {
      "@expo-google-fonts/inter": "^0.1.0",
      "@expo-google-fonts/jost": "^0.1.0",
      "@expo/vector-icons": "^12.0.0",
      "@react-native-async-storage/async-storage": "^1.13.0",
      "@react-native-community/masked-view": "0.1.10",
      "@react-navigation/bottom-tabs": "^5.11.10",
      "@react-navigation/native": "^5.9.4",
      "@react-navigation/stack": "^5.14.4",
      "axios": "^0.21.1",
      "date-fns": "^2.21.1",
      "expo": "~41.0.1",
      "expo-app-loading": "^1.0.3",
      "expo-asset": "~8.3.1",
      "expo-font": "~9.1.0",
      "expo-status-bar": "~1.0.4",
      "lottie-react-native": "3.5.0",
      "react": "16.13.1",
      "react-dom": "16.13.1",
      "react-native": "https://github.com/expo/react-native/archive/sdk-41.0.0.tar.gz",
      "react-native-gesture-handler": "~1.10.2",
      "react-native-iphone-x-helper": "^1.3.1",
      "react-native-reanimated": "~2.1.0",
      "react-native-safe-area-context": "3.2.0",
      "react-native-screens": "~3.0.0",
      "react-native-svg": "12.1.0",
      "react-native-toast-message": "^1.4.9",
      "react-native-web": "~0.13.12"
    },
    "devDependencies": {
      "@babel/core": "^7.9.0",
      "@types/react": "~16.9.35",
      "@types/react-native": "~0.63.2",
      "typescript": "~4.0.0"
    },
    "private": true
  }

yarn manifest: 
  No manifest

Lockfile: 
  No lockfile
